<?xml version="1.0" encoding="UTF-8"?>
<!-- Generated by org.testng.reporters.JUnitReportReporter -->
<testsuite hostname="LAPTOP-52IM29O2" failures="0" tests="1" name="com.crm.vtigerTests.createOrganisationwithIndustryTest" time="49.013" errors="0" timestamp="2021-04-28T13:57:08 IST" skipped="0">
  <testcase classname="com.crm.vtigerTests.createOrganisationwithIndustryTest" name="createOrganisationwithIndustry" time="49.013"/>
  <system-out/>
</testsuite> <!-- com.crm.vtigerTests.createOrganisationwithIndustryTest -->
