<?xml version="1.0" encoding="UTF-8"?>
<!-- Generated by org.testng.reporters.JUnitReportReporter -->
<testsuite hostname="LAPTOP-U7HBVMA8" name="com.tyss.Everton.scripts.VerifyNameandNumber" tests="1" failures="0" timestamp="4 Nov 2020 04:17:58 GMT" time="128.042" errors="0">
  <testcase name="toVerifyNameandNumber" time="128.042" classname="com.tyss.Everton.scripts.VerifyNameandNumber"/>
</testsuite> <!-- com.tyss.Everton.scripts.VerifyNameandNumber -->
