<?xml version="1.0" encoding="UTF-8"?>
<!-- Generated by org.testng.reporters.JUnitReportReporter -->
<testsuite hostname="LAPTOP-U7HBVMA8" name="com.tyss.Naukri.scripts.UploadCV_InputTag" tests="1" failures="0" timestamp="21 Oct 2020 13:23:36 GMT" time="49.945" errors="0">
  <testcase name="toUploadCV" time="49.945" classname="com.tyss.Naukri.scripts.UploadCV_InputTag"/>
</testsuite> <!-- com.tyss.Naukri.scripts.UploadCV_InputTag -->
