<?xml version="1.0" encoding="UTF-8"?>
<!-- Generated by org.testng.reporters.JUnitReportReporter -->
<testsuite hostname="LAPTOP-U7HBVMA8" name="com.tyss.Amazon.scripts.VerifyName" tests="1" failures="0" timestamp="2 Nov 2020 13:12:55 GMT" time="36.369" errors="0">
  <testcase name="toVerifyMenus" time="36.369" classname="com.tyss.Amazon.scripts.VerifyName"/>
</testsuite> <!-- com.tyss.Amazon.scripts.VerifyName -->
