<?xml version="1.0" encoding="UTF-8"?>
<!-- Generated by org.testng.reporters.JUnitReportReporter -->
<testsuite hostname="LAPTOP-52IM29O2" failures="0" tests="1" name="supernova_project.AssignmentTYSS100621" time="57.249" errors="0" timestamp="2021-06-13T00:49:35 IST" skipped="0">
  <testcase classname="supernova_project.AssignmentTYSS100621" name="assignmenttyss" time="57.249"/>
  <system-out/>
</testsuite> <!-- supernova_project.AssignmentTYSS100621 -->
