<?xml version="1.0" encoding="UTF-8"?>
<!-- Generated by org.testng.reporters.JUnitReportReporter -->
<testsuite hostname="LAPTOP-52IM29O2" failures="0" tests="1" name="supernova_project.Vtigerassignment1Test" time="57.550" errors="0" timestamp="2021-04-27T17:48:44 IST" skipped="0">
  <testcase classname="supernova_project.Vtigerassignment1Test" name="vtigerassignment" time="57.550"/>
  <system-out/>
</testsuite> <!-- supernova_project.Vtigerassignment1Test -->
