<?xml version="1.0" encoding="UTF-8"?>
<!-- Generated by org.testng.reporters.JUnitReportReporter -->
<testsuite hostname="LAPTOP-U7HBVMA8" name="com.tyss.Nykaa.scripts.WishListProduct" tests="1" failures="0" timestamp="22 Oct 2020 07:42:55 GMT" time="27.224" errors="0">
  <testcase name="toAddProduct" time="27.224" classname="com.tyss.Nykaa.scripts.WishListProduct"/>
</testsuite> <!-- com.tyss.Nykaa.scripts.WishListProduct -->
