<?xml version="1.0" encoding="UTF-8"?>
<!-- Generated by org.testng.reporters.JUnitReportReporter -->
<testsuite hostname="LAPTOP-U7HBVMA8" name="com.tyss.Flipkart.scripts.VerifyDetails" tests="1" failures="0" timestamp="9 Nov 2020 11:44:06 GMT" time="19.637" errors="0">
  <testcase name="toVerifyDetails" time="19.637" classname="com.tyss.Flipkart.scripts.VerifyDetails"/>
</testsuite> <!-- com.tyss.Flipkart.scripts.VerifyDetails -->
