<?xml version="1.0" encoding="UTF-8"?>
<!-- Generated by org.testng.reporters.JUnitReportReporter -->
<testsuite hostname="LAPTOP-52IM29O2" failures="0" tests="1" name="com.crm.vtigerTests.createContactwithOrganisationTest" time="71.450" errors="0" timestamp="2021-04-28T11:55:22 IST" skipped="0">
  <testcase classname="com.crm.vtigerTests.createContactwithOrganisationTest" name="createContactwithOrganisation" time="71.450"/>
  <system-out/>
</testsuite> <!-- com.crm.vtigerTests.createContactwithOrganisationTest -->
