<?xml version="1.0" encoding="UTF-8"?>
<!-- Generated by org.testng.reporters.JUnitReportReporter -->
<testsuite hostname="LAPTOP-U7HBVMA8" name="com.tyss.BBC.scripts.VerifyHeadlines" tests="1" failures="0" timestamp="6 Nov 2020 10:33:53 GMT" time="24.935" errors="0">
  <testcase name="toVerifyMenus" time="24.935" classname="com.tyss.BBC.scripts.VerifyHeadlines"/>
</testsuite> <!-- com.tyss.BBC.scripts.VerifyHeadlines -->
