<?xml version="1.0" encoding="UTF-8"?>
<!-- Generated by org.testng.reporters.JUnitReportReporter -->
<testsuite hostname="LAPTOP-U7HBVMA8" name="com.tyss.Naukri.scripts.UploadCV" tests="1" failures="0" timestamp="21 Oct 2020 18:29:43 GMT" time="12.671" errors="0">
  <testcase name="toUploadCV" time="12.671" classname="com.tyss.Naukri.scripts.UploadCV"/>
</testsuite> <!-- com.tyss.Naukri.scripts.UploadCV -->
