<?xml version="1.0" encoding="UTF-8"?>
<!-- Generated by org.testng.reporters.JUnitReportReporter -->
<testsuite hostname="LAPTOP-U7HBVMA8" name="com.tyss.JustDail.scripts.Mobile" tests="1" failures="0" timestamp="23 Oct 2020 12:04:15 GMT" time="10.826" errors="0">
  <testcase name="toAddMobileData" time="10.826" classname="com.tyss.JustDail.scripts.Mobile"/>
</testsuite> <!-- com.tyss.JustDail.scripts.Mobile -->
