<?xml version="1.0" encoding="UTF-8"?>
<!-- Generated by org.testng.reporters.JUnitReportReporter -->
<testsuite hostname="LAPTOP-52IM29O2" failures="0" tests="1" name="com.crm.vtiger.Testscripts.TC_11_createoppurtunitywithcampaignsourceTest" time="89.347" errors="0" timestamp="2021-05-08T18:33:00 IST" skipped="0">
  <testcase classname="com.crm.vtiger.Testscripts.TC_11_createoppurtunitywithcampaignsourceTest" name="createoppurtunitywithcampsrc" time="89.347"/>
  <system-out/>
</testsuite> <!-- com.crm.vtiger.Testscripts.TC_11_createoppurtunitywithcampaignsourceTest -->
