<?xml version="1.0" encoding="UTF-8"?>
<!-- Generated by org.testng.reporters.JUnitReportReporter -->
<testsuite hostname="LAPTOP-U7HBVMA8" name="com.tyss.Bluestone.scripts.VerifyDiscount" tests="1" failures="0" timestamp="29 Oct 2020 09:17:00 GMT" time="8.451" errors="0">
  <testcase name="toVerifyDiscount" time="8.451" classname="com.tyss.Bluestone.scripts.VerifyDiscount"/>
</testsuite> <!-- com.tyss.Bluestone.scripts.VerifyDiscount -->
