<?xml version="1.0" encoding="UTF-8"?>
<!-- Generated by org.testng.reporters.JUnitReportReporter -->
<testsuite hostname="LAPTOP-52IM29O2" failures="0" tests="1" name="supernova_project.Readingdatafromdatabase" time="0.414" errors="0" timestamp="2021-04-26T14:33:34 IST" skipped="0">
  <testcase classname="supernova_project.Readingdatafromdatabase" name="readfromdatabse" time="0.414"/>
  <system-out/>
</testsuite> <!-- supernova_project.Readingdatafromdatabase -->
