<?xml version="1.0" encoding="UTF-8"?>
<!-- Generated by org.testng.reporters.JUnitReportReporter -->
<testsuite hostname="LAPTOP-52IM29O2" failures="0" tests="1" name="supernova_project.Assignment2TYSS110621" time="71.834" errors="0" timestamp="2021-06-12T17:41:24 IST" skipped="0">
  <testcase classname="supernova_project.Assignment2TYSS110621" name="assignment2tyss110621" time="71.834"/>
  <system-out/>
</testsuite> <!-- supernova_project.Assignment2TYSS110621 -->
