<?xml version="1.0" encoding="UTF-8"?>
<!-- Generated by org.testng.reporters.JUnitReportReporter -->
<testsuite hostname="LAPTOP-U7HBVMA8" name="com.tyss.actitime.scripts.CreateUsers" tests="1" failures="0" timestamp="11 Jun 2021 08:24:33 GMT" time="27.488" errors="0">
  <testcase name="createRequisition" time="27.488" classname="com.tyss.actitime.scripts.CreateUsers"/>
</testsuite> <!-- com.tyss.actitime.scripts.CreateUsers -->
