<?xml version="1.0" encoding="UTF-8"?>
<!-- Generated by org.testng.reporters.JUnitReportReporter -->
<testsuite hostname="LAPTOP-U7HBVMA8" name="com.tyss.Goibibo.scripts.AirportTransfer" tests="1" failures="0" timestamp="4 Nov 2020 05:01:20 GMT" time="19.532" errors="0">
  <testcase name="AirportTransfer" time="19.532" classname="com.tyss.Goibibo.scripts.AirportTransfer"/>
</testsuite> <!-- com.tyss.Goibibo.scripts.AirportTransfer -->
