<?xml version="1.0" encoding="UTF-8"?>
<!-- Generated by org.testng.reporters.JUnitReportReporter -->
<testsuite hostname="LAPTOP-52IM29O2" failures="0" tests="1" name="com.crm.vtiger.Testscripts.createoppurtunitywithcampaignsourceTest" time="46.242" errors="0" timestamp="2021-04-29T00:10:07 IST" skipped="0">
  <testcase classname="com.crm.vtiger.Testscripts.createoppurtunitywithcampaignsourceTest" name="createoppurtunitywithcampsrc" time="46.242"/>
  <system-out/>
</testsuite> <!-- com.crm.vtiger.Testscripts.createoppurtunitywithcampaignsourceTest -->
