<?xml version="1.0" encoding="UTF-8"?>
<!-- Generated by org.testng.reporters.JUnitReportReporter -->
<testsuite hostname="LAPTOP-U7HBVMA8" name="com.tyss.Nykaa.scripts.AddProduct" tests="1" failures="0" timestamp="22 Oct 2020 07:04:26 GMT" time="50.566" errors="0">
  <testcase name="toAddProduct" time="50.566" classname="com.tyss.Nykaa.scripts.AddProduct"/>
</testsuite> <!-- com.tyss.Nykaa.scripts.AddProduct -->
