<?xml version="1.0" encoding="UTF-8"?>
<!-- Generated by org.testng.reporters.JUnitReportReporter -->
<testsuite hostname="LAPTOP-52IM29O2" failures="0" tests="1" name="supernova_project.AssignmentTYSS" time="17.248" errors="0" timestamp="2021-06-10T23:24:06 IST" skipped="0">
  <testcase classname="supernova_project.AssignmentTYSS" name="assignmenttyss" time="17.248"/>
  <system-out/>
</testsuite> <!-- supernova_project.AssignmentTYSS -->
