<?xml version="1.0" encoding="UTF-8"?>
<!-- Generated by org.testng.reporters.JUnitReportReporter -->
<testsuite hostname="LAPTOP-U7HBVMA8" name="com.tyss.Goibibo1.scripts.AirportTransfer" tests="1" failures="0" timestamp="4 Nov 2020 10:22:25 GMT" time="12.511" errors="0">
  <testcase name="AirportTransfer" time="12.511" classname="com.tyss.Goibibo1.scripts.AirportTransfer"/>
</testsuite> <!-- com.tyss.Goibibo1.scripts.AirportTransfer -->
