<?xml version="1.0" encoding="UTF-8"?>
<!-- Generated by org.testng.reporters.JUnitReportReporter -->
<testsuite hostname="LAPTOP-U7HBVMA8" name="com.tyss.Naukri.scripts.CreateAccount" tests="1" failures="0" timestamp="21 Oct 2020 11:10:36 GMT" time="13.547" errors="0">
  <testcase name="createAccount" time="13.547" classname="com.tyss.Naukri.scripts.CreateAccount"/>
</testsuite> <!-- com.tyss.Naukri.scripts.CreateAccount -->
