<?xml version="1.0" encoding="UTF-8"?>
<!-- Generated by org.testng.reporters.JUnitReportReporter -->
<testsuite hostname="LAPTOP-U7HBVMA8" name="com.tyss.Everton.scripts.VerifyPrice" tests="1" failures="0" timestamp="4 Nov 2020 04:21:46 GMT" time="106.046" errors="0">
  <testcase name="toVerifyPrice" time="106.046" classname="com.tyss.Everton.scripts.VerifyPrice"/>
</testsuite> <!-- com.tyss.Everton.scripts.VerifyPrice -->
