<?xml version="1.0" encoding="UTF-8"?>
<!-- Generated by org.testng.reporters.JUnitReportReporter -->
<testsuite hostname="LAPTOP-U7HBVMA8" name="com.tyss.BBC.scripts.VerifyContent" tests="1" failures="0" timestamp="6 Nov 2020 12:26:46 GMT" time="29.368" errors="0">
  <testcase name="toVerifyMenus" time="29.368" classname="com.tyss.BBC.scripts.VerifyContent"/>
</testsuite> <!-- com.tyss.BBC.scripts.VerifyContent -->
