<?xml version="1.0" encoding="UTF-8"?>
<!-- Generated by org.testng.reporters.JUnitReportReporter -->
<testsuite hostname="LAPTOP-U7HBVMA8" name="com.tyss.Goibibo.scripts.VerifyReview" tests="1" failures="0" timestamp="4 Nov 2020 09:04:48 GMT" time="11.523" errors="0">
  <testcase name="toVerifyReview" time="11.523" classname="com.tyss.Goibibo.scripts.VerifyReview"/>
</testsuite> <!-- com.tyss.Goibibo.scripts.VerifyReview -->
