<?xml version="1.0" encoding="UTF-8"?>
<!-- Generated by org.testng.reporters.JUnitReportReporter -->
<testsuite hostname="LAPTOP-U7HBVMA8" name="com.tyss.Goibibo1.scripts.VerifyPaymentDetails" tests="1" failures="0" timestamp="4 Nov 2020 10:42:43 GMT" time="13.137" errors="0">
  <testcase name="toVerifyPaymentDetails" time="13.137" classname="com.tyss.Goibibo1.scripts.VerifyPaymentDetails"/>
</testsuite> <!-- com.tyss.Goibibo1.scripts.VerifyPaymentDetails -->
