<?xml version="1.0" encoding="UTF-8"?>
<!-- Generated by org.testng.reporters.JUnitReportReporter -->
<testsuite hostname="LAPTOP-U7HBVMA8" name="com.tyss.Bluestone.scripts.Download_Image" tests="1" failures="0" timestamp="30 Oct 2020 09:43:25 GMT" time="8.607" errors="0">
  <testcase name="toDownloadImage" time="8.607" classname="com.tyss.Bluestone.scripts.Download_Image"/>
</testsuite> <!-- com.tyss.Bluestone.scripts.Download_Image -->
