<?xml version="1.0" encoding="UTF-8"?>
<!-- Generated by org.testng.reporters.JUnitReportReporter -->
<testsuite hostname="LAPTOP-52IM29O2" failures="0" tests="1" name="supernova_project.ReadingfromxmlfileTest" time="0.020" errors="0" timestamp="2021-04-23T17:26:53 IST" skipped="0">
  <testcase classname="supernova_project.ReadingfromxmlfileTest" name="readfromxml" time="0.020"/>
  <system-out/>
</testsuite> <!-- supernova_project.ReadingfromxmlfileTest -->
