<?xml version="1.0" encoding="UTF-8"?>
<!-- Generated by org.testng.reporters.JUnitReportReporter -->
<testsuite hostname="LAPTOP-52IM29O2" failures="0" tests="1" name="supernova_project.WritedataintodatabaseTest" time="0.656" errors="0" timestamp="2021-04-26T15:37:44 IST" skipped="0">
  <testcase classname="supernova_project.WritedataintodatabaseTest" name="writeintodatabse" time="0.656"/>
  <system-out/>
</testsuite> <!-- supernova_project.WritedataintodatabaseTest -->
