<?xml version="1.0" encoding="UTF-8"?>
<!-- Generated by org.testng.reporters.JUnitReportReporter -->
<testsuite hostname="LAPTOP-52IM29O2" failures="0" tests="1" name="supernova_project.Readingdatafrompropertyfile" time="0.032" errors="0" timestamp="2021-04-23T14:41:42 IST" skipped="0">
  <testcase classname="supernova_project.Readingdatafrompropertyfile" name="readpropretyfile" time="0.032"/>
  <system-out/>
</testsuite> <!-- supernova_project.Readingdatafrompropertyfile -->
