<?xml version="1.0" encoding="UTF-8"?>
<!-- Generated by org.testng.reporters.JUnitReportReporter -->
<testsuite hostname="LAPTOP-52IM29O2" failures="0" tests="1" name="supernova_project.AssignmentTYSS120621" time="36.998" errors="0" timestamp="2021-06-12T15:14:51 IST" skipped="0">
  <testcase classname="supernova_project.AssignmentTYSS120621" name="assignmenttyss120621" time="36.998"/>
  <system-out/>
</testsuite> <!-- supernova_project.AssignmentTYSS120621 -->
