<?xml version="1.0" encoding="UTF-8"?>
<!-- Generated by org.testng.reporters.JUnitReportReporter -->
<testsuite hostname="LAPTOP-52IM29O2" failures="0" tests="1" name="supernova_project.CalendarpopupTest" time="115.027" errors="0" timestamp="2021-04-28T10:33:58 IST" skipped="0">
  <testcase classname="supernova_project.CalendarpopupTest" name="calendarpopup" time="115.027"/>
  <system-out/>
</testsuite> <!-- supernova_project.CalendarpopupTest -->
