<?xml version="1.0" encoding="UTF-8"?>
<!-- Generated by org.testng.reporters.JUnitReportReporter -->
<testsuite hostname="LAPTOP-U7HBVMA8" name="com.tyss.JustDail.scripts.JustDialVerify" tests="1" failures="0" timestamp="22 Oct 2020 13:10:32 GMT" time="19.914" errors="0">
  <testcase name="toJustDialVerify" time="19.914" classname="com.tyss.JustDail.scripts.JustDialVerify"/>
</testsuite> <!-- com.tyss.JustDail.scripts.JustDialVerify -->
