<?xml version="1.0" encoding="UTF-8"?>
<!-- Generated by org.testng.reporters.JUnitReportReporter -->
<testsuite hostname="LAPTOP-U7HBVMA8" name="com.tyss.Bluestone.scripts.ProductTotalPrice" tests="1" failures="0" timestamp="29 Oct 2020 04:19:09 GMT" time="19.873" errors="0">
  <testcase name="AirportTransfer" time="19.873" classname="com.tyss.Bluestone.scripts.ProductTotalPrice"/>
</testsuite> <!-- com.tyss.Bluestone.scripts.ProductTotalPrice -->
