<?xml version="1.0" encoding="UTF-8"?>
<!-- Generated by org.testng.reporters.JUnitReportReporter -->
<testsuite hostname="LAPTOP-52IM29O2" failures="0" tests="2" name="seleniumGRID.SeleniumGrid" time="16.210" errors="0" timestamp="2021-05-17T13:47:15 IST" skipped="0">
  <testcase classname="seleniumGRID.SeleniumGrid" name="gridpractice" time="6.409"/>
  <system-out/>
  <testcase classname="seleniumGRID.SeleniumGrid" name="gridpractice" time="9.801"/>
  <system-out/>
</testsuite> <!-- seleniumGRID.SeleniumGrid -->
