<?xml version="1.0" encoding="UTF-8"?>
<!-- Generated by org.testng.reporters.JUnitReportReporter -->
<testsuite hostname="LAPTOP-U7HBVMA8" name="com.tyss.Goibibo.scripts.CreateOneWay" tests="1" failures="0" timestamp="4 Nov 2020 09:24:48 GMT" time="12.679" errors="0">
  <testcase name="CreateOneway" time="12.679" classname="com.tyss.Goibibo.scripts.CreateOneWay"/>
</testsuite> <!-- com.tyss.Goibibo.scripts.CreateOneWay -->
