<?xml version="1.0" encoding="UTF-8"?>
<!-- Generated by org.testng.reporters.JUnitReportReporter -->
<testsuite hostname="LAPTOP-U7HBVMA8" name="com.tyss.Goibibo.scripts.CreateRoundTrip" tests="1" failures="0" timestamp="19 Oct 2020 13:57:43 GMT" time="20.851" errors="0">
  <testcase name="CreateRoundTrip" time="20.851" classname="com.tyss.Goibibo.scripts.CreateRoundTrip"/>
</testsuite> <!-- com.tyss.Goibibo.scripts.CreateRoundTrip -->
