<?xml version="1.0" encoding="UTF-8"?>
<!-- Generated by org.testng.reporters.JUnitReportReporter -->
<testsuite hostname="LAPTOP-52IM29O2" failures="0" tests="1" name="com.crm.vtiger.Testscripts.TC_15_createoppurtunitywithsalesstagevaluepropositionTest" time="92.425" errors="0" timestamp="2021-05-06T12:53:30 IST" skipped="0">
  <testcase classname="com.crm.vtiger.Testscripts.TC_15_createoppurtunitywithsalesstagevaluepropositionTest" name="createoppwithsalesstagevalueproposition" time="92.425"/>
  <system-out/>
</testsuite> <!-- com.crm.vtiger.Testscripts.TC_15_createoppurtunitywithsalesstagevaluepropositionTest -->
