<?xml version="1.0" encoding="UTF-8"?>
<!-- Generated by org.testng.reporters.JUnitReportReporter -->
<testsuite hostname="LAPTOP-52IM29O2" failures="0" tests="1" name="supernova_project.Assignment1Test" time="0.969" errors="0" timestamp="2021-04-26T16:01:28 IST" skipped="0">
  <testcase classname="supernova_project.Assignment1Test" name="readfromdatabse" time="0.969"/>
  <system-out/>
</testsuite> <!-- supernova_project.Assignment1Test -->
