<?xml version="1.0" encoding="UTF-8"?>
<!-- Generated by org.testng.reporters.JUnitReportReporter -->
<testsuite hostname="LAPTOP-52IM29O2" failures="0" tests="1" name="com.crm.vtiger.Testscripts.TC_14_createoppurtunitywithsalesstageneedanalysisTest" time="40.709" errors="0" timestamp="2021-05-06T00:22:03 IST" skipped="0">
  <testcase classname="com.crm.vtiger.Testscripts.TC_14_createoppurtunitywithsalesstageneedanalysisTest" name="createoppuwithsalesstageneedanal" time="40.709"/>
  <system-out/>
</testsuite> <!-- com.crm.vtiger.Testscripts.TC_14_createoppurtunitywithsalesstageneedanalysisTest -->
