<?xml version="1.0" encoding="UTF-8"?>
<!-- Generated by org.testng.reporters.JUnitReportReporter -->
<testsuite hostname="LAPTOP-52IM29O2" failures="0" tests="1" name="com.crm.vtiger.Testscripts.TC_13_createoppurtunitywithsalesstagequalificationTest" time="52.905" errors="0" timestamp="2021-05-06T12:16:54 IST" skipped="0">
  <testcase classname="com.crm.vtiger.Testscripts.TC_13_createoppurtunitywithsalesstagequalificationTest" name="creatopptwithsalesstagequal" time="52.905"/>
  <system-out/>
</testsuite> <!-- com.crm.vtiger.Testscripts.TC_13_createoppurtunitywithsalesstagequalificationTest -->
