<?xml version="1.0" encoding="UTF-8"?>
<!-- Generated by org.testng.reporters.JUnitReportReporter -->
<testsuite hostname="LAPTOP-52IM29O2" failures="0" tests="1" name="supernova_project.AssignmentTYSS110621" time="31.388" errors="0" timestamp="2021-06-12T00:49:39 IST" skipped="0">
  <testcase classname="supernova_project.AssignmentTYSS110621" name="assignmentTYSS110621" time="31.388"/>
  <system-out/>
</testsuite> <!-- supernova_project.AssignmentTYSS110621 -->
